<?xml version="1.0" encoding="UTF-8"?>
<testsuite xmlns:xsi="http://www.w3.org/2001/XMLSchema-instance" xsi:noNamespaceSchemaLocation="https://maven.apache.org/surefire/maven-surefire-plugin/xsd/surefire-test-report-3.0.xsd" version="3.0" name="com.tcmp.optosval.MySpringBootApplicationTest" time="13.989" tests="1" errors="1" skipped="0" failures="0">
  <properties>
[...]
</properties>
  <testcase name="test" classname="com.tcmp.optosval.MySpringBootApplicationTest" time="1.951">
    <error type="java.lang.IllegalArgumentException"><![CDATA[java.lang.IllegalArgumentException: Cannot advice route as route with id: hello does not exists
	at com.tcmp.optosval.MySpringBootApplicationTest.test(MySpringBootApplicationTest.java:27)
]]></error>
    <system-out><![CDATA[13:15:06.055 [main] DEBUG org.springframework.test.context.BootstrapUtils - Instantiating CacheAwareContextLoaderDelegate from class [org.springframework.test.context.cache.DefaultCacheAwareContextLoaderDelegate]
13:15:06.084 [main] DEBUG org.springframework.test.context.BootstrapUtils - Instantiating BootstrapContext using constructor [public org.springframework.test.context.support.DefaultBootstrapContext(java.lang.Class,org.springframework.test.context.CacheAwareContextLoaderDelegate)]
13:15:06.176 [main] DEBUG org.springframework.test.context.BootstrapUtils - Instantiating TestContextBootstrapper for test class [com.tcmp.optosval.MySpringBootApplicationTest] from class [org.springframework.boot.test.context.SpringBootTestContextBootstrapper]
13:15:06.205 [main] INFO org.springframework.boot.test.context.SpringBootTestContextBootstrapper - Neither @ContextConfiguration nor @ContextHierarchy found for test class [com.tcmp.optosval.MySpringBootApplicationTest], using SpringBootContextLoader
13:15:06.217 [main] DEBUG org.springframework.test.context.support.AbstractContextLoader - Did not detect default resource location for test class [com.tcmp.optosval.MySpringBootApplicationTest]: class path resource [com/tcmp/optosval/MySpringBootApplicationTest-context.xml] does not exist
13:15:06.219 [main] DEBUG org.springframework.test.context.support.AbstractContextLoader - Did not detect default resource location for test class [com.tcmp.optosval.MySpringBootApplicationTest]: class path resource [com/tcmp/optosval/MySpringBootApplicationTestContext.groovy] does not exist
13:15:06.220 [main] INFO org.springframework.test.context.support.AbstractContextLoader - Could not detect default resource locations for test class [com.tcmp.optosval.MySpringBootApplicationTest]: no resource found for suffixes {-context.xml, Context.groovy}.
13:15:06.222 [main] INFO org.springframework.test.context.support.AnnotationConfigContextLoaderUtils - Could not detect default configuration classes for test class [com.tcmp.optosval.MySpringBootApplicationTest]: MySpringBootApplicationTest does not declare any static, non-private, non-final, nested classes annotated with @Configuration.
13:15:06.408 [main] DEBUG org.springframework.test.context.support.ActiveProfilesUtils - Could not find an 'annotation declaring class' for annotation type [org.springframework.test.context.ActiveProfiles] and class [com.tcmp.optosval.MySpringBootApplicationTest]
13:15:06.604 [main] DEBUG org.springframework.context.annotation.ClassPathScanningCandidateComponentProvider - Identified candidate component class: file [C:\Users\TCM-00029\Documents\GitHub\optosval\target\classes\com\tcmp\optosval\MySpringBootApplication.class]
13:15:06.642 [main] INFO org.springframework.boot.test.context.SpringBootTestContextBootstrapper - Found @SpringBootConfiguration com.tcmp.optosval.MySpringBootApplication for test class com.tcmp.optosval.MySpringBootApplicationTest
13:15:06.965 [main] DEBUG org.springframework.boot.test.context.SpringBootTestContextBootstrapper - Merging default listeners with listeners configured via @TestExecutionListeners for class [com.tcmp.optosval.MySpringBootApplicationTest].
13:15:06.966 [main] INFO org.springframework.boot.test.context.SpringBootTestContextBootstrapper - Loaded default TestExecutionListener class names from location [META-INF/spring.factories]: [org.springframework.boot.test.mock.mockito.MockitoTestExecutionListener, org.springframework.boot.test.mock.mockito.ResetMocksTestExecutionListener, org.springframework.boot.test.autoconfigure.restdocs.RestDocsTestExecutionListener, org.springframework.boot.test.autoconfigure.web.client.MockRestServiceServerResetTestExecutionListener, org.springframework.boot.test.autoconfigure.web.servlet.MockMvcPrintOnlyOnFailureTestExecutionListener, org.springframework.boot.test.autoconfigure.web.servlet.WebDriverTestExecutionListener, org.springframework.boot.test.autoconfigure.webservices.client.MockWebServiceServerTestExecutionListener, org.springframework.test.context.web.ServletTestExecutionListener, org.springframework.test.context.support.DirtiesContextBeforeModesTestExecutionListener, org.springframework.test.context.event.ApplicationEventsTestExecutionListener, org.springframework.test.context.support.DependencyInjectionTestExecutionListener, org.springframework.test.context.support.DirtiesContextTestExecutionListener, org.springframework.test.context.transaction.TransactionalTestExecutionListener, org.springframework.test.context.jdbc.SqlScriptsTestExecutionListener, org.springframework.test.context.event.EventPublishingTestExecutionListener]
13:15:07.019 [main] INFO org.springframework.boot.test.context.SpringBootTestContextBootstrapper - Using TestExecutionListeners: [org.apache.camel.test.spring.junit5.CamelSpringTestContextLoaderTestExecutionListener@2dca0d64, org.apache.camel.test.spring.junit5.CamelSpringBootExecutionListener@f80945f, org.apache.camel.test.spring.junit5.StopWatchTestExecutionListener@ff684e1, org.springframework.test.context.web.ServletTestExecutionListener@23aa363a, org.springframework.test.context.support.DirtiesContextBeforeModesTestExecutionListener@5ef6ae06, org.springframework.test.context.event.ApplicationEventsTestExecutionListener@55dfebeb, org.springframework.boot.test.mock.mockito.MockitoTestExecutionListener@6e35bc3d, org.springframework.boot.test.autoconfigure.SpringBootDependencyInjectionTestExecutionListener@1cdc4c27, org.springframework.test.context.support.DirtiesContextTestExecutionListener@77b14724, org.springframework.test.context.transaction.TransactionalTestExecutionListener@5d9b7a8a, org.springframework.test.context.jdbc.SqlScriptsTestExecutionListener@1e8ce150, org.springframework.test.context.event.EventPublishingTestExecutionListener@604f2bd2, org.springframework.boot.test.mock.mockito.ResetMocksTestExecutionListener@1d3ac898, org.springframework.boot.test.autoconfigure.restdocs.RestDocsTestExecutionListener@1b73be9f, org.springframework.boot.test.autoconfigure.web.client.MockRestServiceServerResetTestExecutionListener@628c4ac0, org.springframework.boot.test.autoconfigure.web.servlet.MockMvcPrintOnlyOnFailureTestExecutionListener@7b84fcf8, org.springframework.boot.test.autoconfigure.web.servlet.WebDriverTestExecutionListener@30b19518, org.springframework.boot.test.autoconfigure.webservices.client.MockWebServiceServerTestExecutionListener@363042d7]
13:15:07.191 [main] DEBUG org.springframework.test.context.support.AbstractDirtiesContextTestExecutionListener - Before test class: context [DefaultTestContext@2cc3ad05 testClass = MySpringBootApplicationTest, testInstance = [null], testMethod = [null], testException = [null], mergedContextConfiguration = [WebMergedContextConfiguration@710b18a6 testClass = MySpringBootApplicationTest, locations = '{}', classes = '{class com.tcmp.optosval.MySpringBootApplication}', contextInitializerClasses = '[]', activeProfiles = '{}', propertySourceLocations = '{}', propertySourceProperties = '{org.springframework.boot.test.context.SpringBootTestContextBootstrapper=true}', contextCustomizers = set[org.springframework.boot.test.context.filter.ExcludeFilterContextCustomizer@30f842ca, org.springframework.boot.test.json.DuplicateJsonObjectContextCustomizerFactory$DuplicateJsonObjectContextCustomizer@25df00a0, org.springframework.boot.test.mock.mockito.MockitoContextCustomizer@0, org.springframework.boot.test.web.client.TestRestTemplateContextCustomizer@1be2019a, org.springframework.boot.test.autoconfigure.actuate.metrics.MetricsExportContextCustomizerFactory$DisableMetricExportContextCustomizer@28cda624, org.springframework.boot.test.autoconfigure.properties.PropertyMappingContextCustomizer@0, org.springframework.boot.test.autoconfigure.web.servlet.WebDriverContextCustomizerFactory$Customizer@41330d4f, org.springframework.boot.test.context.SpringBootTestArgs@1, org.springframework.boot.test.context.SpringBootTestWebEnvironment@37574691], resourceBasePath = 'src/main/webapp', contextLoader = 'org.springframework.boot.test.context.SpringBootContextLoader', parent = [null]], attributes = map['org.springframework.test.context.web.ServletTestExecutionListener.activateListener' -> true]], class annotated with @DirtiesContext [false] with mode [null].
13:15:07.220 [main] INFO org.apache.camel.test.spring.junit5.CamelSpringBootExecutionListener - CamelSpringBootExecutionListener preparing: class com.tcmp.optosval.MySpringBootApplicationTest
13:15:07.245 [main] INFO org.apache.camel.test.spring.junit5.CamelAnnotationsHandler - Disabling Camel JMX globally for tests by default.  Use the DisableJMX annotation to override the default setting.

  .   ____          _            __ _ _
 /\\ / ___'_ __ _ _(_)_ __  __ _ \ \ \ \
( ( )\___ | '_ | '_| | '_ \/ _` | \ \ \ \
 \\/  ___)| |_)| | | | | || (_| |  ) ) ) )
  '  |____| .__|_| |_|_| |_\__, | / / / /
 =========|_|==============|___/=/_/_/_/
 :: Spring Boot ::                (v2.7.5)

2024-12-16 13:15:08.237  INFO 9468 --- [           main] c.t.o.MySpringBootApplicationTest        : Starting MySpringBootApplicationTest using Java 17.0.12 on PABLOCASTANEDA with PID 9468 (started by TCM-00029 in C:\Users\TCM-00029\Documents\GitHub\optosval)
2024-12-16 13:15:08.240  INFO 9468 --- [           main] c.t.o.MySpringBootApplicationTest        : No active profile set, falling back to 1 default profile: "default"
2024-12-16 13:15:11.200  INFO 9468 --- [           main] .s.d.r.c.RepositoryConfigurationDelegate : Bootstrapping Spring Data MongoDB repositories in DEFAULT mode.
2024-12-16 13:15:11.233  INFO 9468 --- [           main] .s.d.r.c.RepositoryConfigurationDelegate : Finished Spring Data repository scanning in 19 ms. Found 0 MongoDB repository interfaces.
2024-12-16 13:15:14.142  INFO 9468 --- [           main] org.mongodb.driver.client                : MongoClient with metadata {"driver": {"name": "mongo-java-driver|sync|spring-boot", "version": "4.6.1"}, "os": {"type": "Windows", "name": "Windows 10", "architecture": "amd64", "version": "10.0"}, "platform": "Java/Amazon.com Inc./17.0.12+7-LTS"} created with settings MongoClientSettings{readPreference=primary, writeConcern=WriteConcern{w=null, wTimeout=null ms, journal=null}, retryWrites=true, retryReads=true, readConcern=ReadConcern{level=null}, credential=null, streamFactoryFactory=null, commandListeners=[io.micrometer.core.instrument.binder.mongodb.MongoMetricsCommandListener@6e068ac9], codecRegistry=ProvidersCodecRegistry{codecProviders=[ValueCodecProvider{}, BsonValueCodecProvider{}, DBRefCodecProvider{}, DBObjectCodecProvider{}, DocumentCodecProvider{}, IterableCodecProvider{}, MapCodecProvider{}, GeoJsonCodecProvider{}, GridFSFileCodecProvider{}, Jsr310CodecProvider{}, JsonObjectCodecProvider{}, BsonCodecProvider{}, EnumCodecProvider{}, com.mongodb.Jep395RecordCodecProvider@3d0352]}, clusterSettings={hosts=[localhost:27017], srvServiceName=mongodb, mode=SINGLE, requiredClusterType=UNKNOWN, requiredReplicaSetName='null', serverSelector='null', clusterListeners='[]', serverSelectionTimeout='30000 ms', localThreshold='30000 ms'}, socketSettings=SocketSettings{connectTimeoutMS=10000, readTimeoutMS=0, receiveBufferSize=0, sendBufferSize=0}, heartbeatSocketSettings=SocketSettings{connectTimeoutMS=10000, readTimeoutMS=10000, receiveBufferSize=0, sendBufferSize=0}, connectionPoolSettings=ConnectionPoolSettings{maxSize=100, minSize=0, maxWaitTimeMS=120000, maxConnectionLifeTimeMS=0, maxConnectionIdleTimeMS=0, maintenanceInitialDelayMS=0, maintenanceFrequencyMS=60000, connectionPoolListeners=[io.micrometer.core.instrument.binder.mongodb.MongoMetricsConnectionPoolListener@bb6f3f7], maxConnecting=2}, serverSettings=ServerSettings{heartbeatFrequencyMS=10000, minHeartbeatFrequencyMS=500, serverListeners='[]', serverMonitorListeners='[]'}, sslSettings=SslSettings{enabled=false, invalidHostNameAllowed=false, context=null}, applicationName='null', compressorList=[], uuidRepresentation=JAVA_LEGACY, serverApi=null, autoEncryptionSettings=null, contextProvider=null}
2024-12-16 13:15:14.252  INFO 9468 --- [localhost:27017] org.mongodb.driver.connection            : Opened connection [connectionId{localValue:1, serverValue:81}] to localhost:27017
2024-12-16 13:15:14.252  INFO 9468 --- [localhost:27017] org.mongodb.driver.cluster               : Monitor thread successfully connected to server with description ServerDescription{address=localhost:27017, type=STANDALONE, state=CONNECTED, ok=true, minWireVersion=0, maxWireVersion=21, maxDocumentSize=16777216, logicalSessionTimeoutMinutes=30, roundTripTimeNanos=91887000}
2024-12-16 13:15:14.253  INFO 9468 --- [localhost:27017] org.mongodb.driver.connection            : Opened connection [connectionId{localValue:2, serverValue:82}] to localhost:27017
2024-12-16 13:15:17.470  INFO 9468 --- [           main] o.s.b.a.e.web.EndpointLinksResolver      : Exposing 3 endpoint(s) beneath base path '/actuator'
2024-12-16 13:15:17.622  INFO 9468 --- [           main] c.tcmp.optosval.routes.MyRouterBuilder   : Camel route is being initialized...
2024-12-16 13:15:17.802  INFO 9468 --- [           main] c.t.o.MySpringBootApplicationTest        : Started MySpringBootApplicationTest in 10.46 seconds (JVM running for 14.257)
2024-12-16 13:15:17.836  INFO 9468 --- [           main] o.a.c.t.s.j.CamelAnnotationsHandler      : Setting shutdown timeout to [10 SECONDS] on CamelContext with name [camelContext].
2024-12-16 13:15:17.891  INFO 9468 --- [           main] c.t.s.j.CamelSpringBootExecutionListener : CamelSpringBootExecutionListener before: class com.tcmp.optosval.MySpringBootApplicationTest.test
2024-12-16 13:15:17.893  INFO 9468 --- [           main] c.t.s.j.CamelSpringBootExecutionListener : Initialized CamelSpringBootExecutionListener now ready to start CamelContext
2024-12-16 13:15:17.895  INFO 9468 --- [           main] o.a.c.t.s.j.CamelAnnotationsHandler      : Starting CamelContext with name [camelContext].
2024-12-16 13:15:18.578  INFO 9468 --- [           main] o.a.c.impl.engine.AbstractCamelContext   : Apache Camel 3.18.3 (MyCamel) is starting
2024-12-16 13:15:18.609  INFO 9468 --- [           main] o.a.c.impl.engine.AbstractCamelContext   : Routes startup (started:1)
2024-12-16 13:15:18.609  INFO 9468 --- [           main] o.a.c.impl.engine.AbstractCamelContext   :     Started mongoServiceRoute (direct://start)
2024-12-16 13:15:18.610  INFO 9468 --- [           main] o.a.c.impl.engine.AbstractCamelContext   : Apache Camel 3.18.3 (MyCamel) started in 871ms (build:158ms init:682ms start:31ms)
2024-12-16 13:15:19.820  INFO 9468 --- [           main] c.t.o.MySpringBootApplicationTest        : ********************************************************************************
2024-12-16 13:15:19.821  INFO 9468 --- [           main] c.t.o.MySpringBootApplicationTest        : Testing done: test (com.tcmp.optosval.MySpringBootApplicationTest)
2024-12-16 13:15:19.821  INFO 9468 --- [           main] c.t.o.MySpringBootApplicationTest        : Took: 1s207ms (1207 millis)
2024-12-16 13:15:19.822  INFO 9468 --- [           main] c.t.o.MySpringBootApplicationTest        : ********************************************************************************
2024-12-16 13:15:19.822  INFO 9468 --- [           main] c.t.s.j.CamelSpringBootExecutionListener : CamelSpringBootExecutionListener after: class com.tcmp.optosval.MySpringBootApplicationTest.test
]]></system-out>
  </testcase>
</testsuite>